10.11.2020 20:48:34 INFO [MainPage] - Дата размещения аукционов: 06.11.2020
10.11.2020 20:50:05 DEBUG [MainPage] - org.jsoup.HttpStatusException: HTTP error fetching URL. Status=503, URL=https://zakupki.gov.ru/epz/order/extendedsearch/results.html?searchString=&morphology=on&search-filter=%D0%94%D0%B0%D1%82%D0%B5+%D1%80%D0%B0%D0%B7%D0%BC%D0%B5%D1%89%D0%B5%D0%BD%D0%B8%D1%8F&pageNumber=1&sortDirection=false&recordsPerPage=_50&showLotsInfoHidden=false&savedSearchSettingsIdHidden=&sortBy=PRICE&fz44=on&af=on&placingWayList=&selectedLaws=&priceFromGeneral=&priceFromGWS=%D0%9C%D0%B8%D0%BD%D0%B8%D0%BC%D0%B0%D0%BB%D1%8C%D0%BD%D0%B0%D1%8F+%D1%86%D0%B5%D0%BD%D0%B0&priceFromUnitGWS=%D0%9C%D0%B8%D0%BD%D0%B8%D0%BC%D0%B0%D0%BB%D1%8C%D0%BD%D0%B0%D1%8F+%D1%86%D0%B5%D0%BD%D0%B0&priceToGeneral=&priceToGWS=%D0%9C%D0%B0%D0%BA%D1%81%D0%B8%D0%BC%D0%B0%D0%BB%D1%8C%D0%BD%D0%B0%D1%8F+%D1%86%D0%B5%D0%BD%D0%B0&priceToUnitGWS=%D0%9C%D0%B0%D0%BA%D1%81%D0%B8%D0%BC%D0%B0%D0%BB%D1%8C%D0%BD%D0%B0%D1%8F+%D1%86%D0%B5%D0%BD%D0%B0&currencyIdGeneral=-1&publishDateFrom=06.11.2020&publishDateTo=06.11.2020&applSubmissionCloseDateFrom=&applSubmissionCloseDateTo=&customerIdOrg=&customerFz94id=&customerTitle=&customerPlace=9371527&customerPlaceCodes=OKER40&okpd2Ids=&okpd2IdsCodes=&drugsSubjects=on&OrderPlacementSmallBusinessSubject=on&OrderPlacementRnpData=on&OrderPlacementExecutionRequirement=on&orderPlacement94_0=0&orderPlacement94_1=0&orderPlacement94_2=0
10.11.2020 20:50:32 INFO [MainPage] - Дата размещения аукционов: 06.11.2020
10.11.2020 20:52:11 INFO [MainPage] - Количество аукционов указанное на площадке: 12
10.11.2020 20:52:11 INFO [MainPage] - Количество аукционов добавленное в базу: 12
10.11.2020 21:42:28 INFO [MainPage] - Дата размещения аукционов: 06.11.2020
10.11.2020 21:42:49 INFO [MainPage] - Дата размещения аукционов: 06.11.2020
10.11.2020 21:43:22 INFO [MainPage] - Количество аукционов указанное на площадке: 91
10.11.2020 21:43:23 INFO [MainPage] - Количество аукционов добавленное в базу: 50
10.11.2020 21:43:34 INFO [MainPage] - Дата размещения аукционов: 06.11.2020
10.11.2020 22:46:37 INFO [MainPage] - Дата размещения аукционов: 06.11.2020
10.11.2020 22:46:39 DEBUG [Auction] - № 0158200001320001369 java.lang.NumberFormatException: For input string: "Электронныйаукцион"
10.11.2020 22:46:40 DEBUG [Auction] - № 0158200001320001372 java.lang.NumberFormatException: For input string: "Электронныйаукцион"
10.11.2020 22:46:40 DEBUG [Auction] - № 0158200001320001370 java.lang.NumberFormatException: For input string: "Электронныйаукцион"
10.11.2020 22:46:41 DEBUG [Auction] - № 0358200019720000336 java.lang.NumberFormatException: For input string: "Электронныйаукцион"
10.11.2020 22:46:42 DEBUG [Auction] - № 0358200000220000156 java.lang.NumberFormatException: For input string: "Электронныйаукцион"
10.11.2020 22:46:42 DEBUG [Auction] - № 0358200019720000337 java.lang.NumberFormatException: For input string: "Электронныйаукцион"
10.11.2020 22:48:02 INFO [MainPage] - Дата размещения аукционов: 06.11.2020
10.11.2020 22:48:39 INFO [MainPage] - Количество аукционов указанное на площадке: 91
10.11.2020 22:48:40 INFO [MainPage] - Количество аукционов добавленное в базу: 50
10.11.2020 22:52:55 INFO [MainPage] - Дата размещения аукционов: 06.11.2020
10.11.2020 22:53:08 INFO [MainPage] - Количество аукционов указанное на площадке: 91
10.11.2020 22:53:10 INFO [MainPage] - Количество аукционов добавленное в базу: 50
10.11.2020 22:59:49 INFO [MainPage] - Дата размещения аукционов: 06.11.2020
10.11.2020 23:00:00 INFO [MainPage] - Количество аукционов указанное на площадке: 91
10.11.2020 23:00:02 INFO [MainPage] - Количество аукционов добавленное в базу: 50
10.11.2020 23:03:28 INFO [MainPage] - Дата размещения аукционов: 06.11.2020
10.11.2020 23:03:41 INFO [MainPage] - Количество аукционов указанное на площадке: 91
10.11.2020 23:03:42 INFO [MainPage] - Количество аукционов добавленное в базу: 50
10.11.2020 23:08:32 INFO [MainPage] - Дата размещения аукционов: 06.11.2020
10.11.2020 23:08:42 INFO [MainPage] - Количество аукционов указанное на площадке: 91
10.11.2020 23:08:43 INFO [MainPage] - Количество аукционов добавленное в базу: 50
11.11.2020 21:13:11 INFO [MainPage] - Дата размещения аукционов: 06.11.2020
11.11.2020 21:13:55 INFO [MainPage] - Количество аукционов указанное на площадке: 91
11.11.2020 21:13:56 INFO [MainPage] - Количество аукционов добавленное в базу: 50
11.11.2020 21:15:12 INFO [MainPage] - Дата размещения аукционов: 06.11.2020
11.11.2020 21:15:50 INFO [MainPage] - Количество аукционов указанное на площадке: 91
11.11.2020 21:15:51 INFO [MainPage] - Количество аукционов добавленное в базу: 50
11.11.2020 21:17:45 INFO [MainPage] - Дата размещения аукционов: 06.11.2020
15.11.2020 19:15:47 INFO [MainPage] - Дата размещения аукционов: 06.11.2020
15.11.2020 19:16:35 INFO [MainPage] - Количество аукционов добавленное в базу: 50
15.11.2020 19:31:16 INFO [MainPage] - Дата размещения аукционов: 06.11.2020
15.11.2020 19:32:00 DEBUG [ExcelFile] - java.io.FileNotFoundException: D:\ (Системе не удается найти указанный путь)
15.11.2020 19:32:00 INFO [MainPage] - Количество аукционов добавленное в базу: 50
15.11.2020 19:34:09 INFO [MainPage] - Дата размещения аукционов: 06.11.2020
15.11.2020 19:34:26 DEBUG [ExcelFile] - java.io.FileNotFoundException: D:\ (Системе не удается найти указанный путь)
15.11.2020 19:34:26 INFO [MainPage] - Количество аукционов добавленное в базу: 50
15.11.2020 19:36:26 INFO [MainPage] - Дата размещения аукционов: 06.11.2020
15.11.2020 19:36:45 DEBUG [ExcelFile] - java.io.FileNotFoundException: D:\ (Системе не удается найти указанный путь)
15.11.2020 19:36:45 INFO [MainPage] - Количество аукционов добавленное в базу: 50
15.11.2020 19:37:44 INFO [MainPage] - Дата размещения аукционов: 06.11.2020
15.11.2020 19:38:01 INFO [MainPage] - Количество аукционов добавленное в базу: 50
15.11.2020 19:50:37 INFO [MainPage] - Дата размещения аукционов: 13.11.2020
15.11.2020 19:51:20 INFO [MainPage] - Количество аукционов добавленное в базу: 50
15.11.2020 19:57:13 INFO [MainPage] - Дата размещения аукционов: 13.11.2020
15.11.2020 19:58:31 INFO [MainPage] - Количество аукционов добавленное в базу: 50
15.11.2020 20:00:02 INFO [MainPage] - Дата размещения аукционов: 13.11.2020
15.11.2020 20:00:36 INFO [MainPage] - Количество аукционов добавленное в базу: 50
15.11.2020 20:05:10 INFO [MainPage] - Дата размещения аукционов: 13.11.2020
15.11.2020 20:05:34 DEBUG [ExcelFile] - java.io.FileNotFoundException: D:\Список аукционов_13.11.2020.xls (Процесс не может получить доступ к файлу, так как этот файл занят другим процессом)
15.11.2020 20:05:34 INFO [MainPage] - Количество аукционов добавленное в базу: 50
15.11.2020 20:09:02 INFO [MainPage] - Дата размещения аукционов: 13.11.2020
15.11.2020 20:09:55 INFO [MainPage] - Количество аукционов добавленное в базу: 115
15.11.2020 20:17:00 INFO [MainPage] - Дата размещения аукционов: 12.11.2020
15.11.2020 20:18:26 INFO [MainPage] - Количество аукционов добавленное в базу: 104
